#! /opt/homebrew/Cellar/icarus-verilog/12.0/bin/vvp
:ivl_version "12.0 (stable)";
:ivl_delay_selection "TYPICAL";
:vpi_time_precision - 11;
:vpi_module "/opt/homebrew/Cellar/icarus-verilog/12.0/lib/ivl/system.vpi";
:vpi_module "/opt/homebrew/Cellar/icarus-verilog/12.0/lib/ivl/vhdl_sys.vpi";
:vpi_module "/opt/homebrew/Cellar/icarus-verilog/12.0/lib/ivl/vhdl_textio.vpi";
:vpi_module "/opt/homebrew/Cellar/icarus-verilog/12.0/lib/ivl/v2005_math.vpi";
:vpi_module "/opt/homebrew/Cellar/icarus-verilog/12.0/lib/ivl/va_math.vpi";
:vpi_module "/opt/homebrew/Cellar/icarus-verilog/12.0/lib/ivl/v2009.vpi";
S_0x14974edc0 .scope package, "$unit" "$unit" 2 1;
 .timescale 0 0;
S_0x1497309c0 .scope module, "test" "test" 3 2;
 .timescale -9 -11;
v0x149762590_0 .var "clk", 0 0;
v0x149762620_0 .var "rst", 0 0;
v0x149762730_0 .net "wd", 15 0, v0x14975e700_0;  1 drivers
v0x1497627c0_0 .net "we", 0 0, v0x14975d740_0;  1 drivers
S_0x149730b30 .scope module, "pu" "pu" 3 6, 4 2 0, S_0x1497309c0;
 .timescale -9 -11;
    .port_info 0 /OUTPUT 1 "we";
    .port_info 1 /OUTPUT 16 "rwd";
    .port_info 2 /INPUT 1 "clk";
    .port_info 3 /INPUT 1 "rst";
L_0x1500780a0 .functor BUFT 1, C4<0000000000>, C4<0>, C4<0>, C4<0>;
v0x149760df0_0 .net/2u *"_ivl_4", 9 0, L_0x1500780a0;  1 drivers
v0x149760eb0_0 .net "a", 15 0, L_0x1497629d0;  1 drivers
v0x149760f50_0 .net "ao", 15 0, v0x14975be50_0;  1 drivers
v0x149761020_0 .net "arad", 1 0, v0x14975d3c0_0;  1 drivers
v0x1497610f0_0 .net "b", 15 0, L_0x149762c40;  1 drivers
v0x1497611c0_0 .net "bo", 15 0, v0x14975f390_0;  1 drivers
v0x149761290_0 .net "brad", 1 0, v0x14975d450_0;  1 drivers
v0x149761360_0 .net "ca", 0 0, v0x14975b3c0_0;  1 drivers
v0x149761430_0 .net "clk", 0 0, v0x149762590_0;  1 drivers
v0x1497615c0_0 .net "counter", 0 0, L_0x149762ef0;  1 drivers
v0x149761650_0 .net "dms", 0 0, v0x14975cbf0_0;  1 drivers
v0x1497616e0_0 .net "dmwe", 0 0, v0x14975cc80_0;  1 drivers
v0x149761770_0 .net "dstb", 0 0, v0x14975cd10_0;  1 drivers
v0x149761840_0 .net "h", 0 0, v0x14975ced0_0;  1 drivers
v0x149761910_0 .net "iv", 7 0, v0x14975cf70_0;  1 drivers
v0x1497619e0_0 .net "liop", 1 0, v0x14975d020_0;  1 drivers
v0x149761ab0_0 .net "lp", 15 0, L_0x1497630d0;  1 drivers
v0x149761c40_0 .net "mrd", 15 0, L_0x1497634d0;  1 drivers
v0x149761cd0_0 .net "o", 15 0, v0x14975eb10_0;  1 drivers
v0x149761d60_0 .net "op", 2 0, v0x14975d1e0_0;  1 drivers
v0x149761e30_0 .net "pca", 5 0, v0x14975f8e0_0;  1 drivers
v0x149761f00_0 .net "pcs", 0 0, v0x14975d2a0_0;  1 drivers
v0x149761fd0_0 .net "pcwe", 0 0, v0x14975d330_0;  1 drivers
v0x1497620a0_0 .net "result", 0 0, L_0x149762e10;  1 drivers
v0x149762130_0 .net "rst", 0 0, v0x149762620_0;  1 drivers
v0x1497621c0_0 .net "rwd", 15 0, v0x14975e700_0;  alias, 1 drivers
v0x149762250_0 .net "sg", 0 0, v0x14975b8a0_0;  1 drivers
v0x149762320_0 .net "wad", 1 0, v0x14975d5a0_0;  1 drivers
v0x1497623f0_0 .net "we", 0 0, v0x14975d740_0;  alias, 1 drivers
v0x1497624c0_0 .net "ze", 0 0, v0x14975b930_0;  1 drivers
v0x149760800_2 .array/port v0x149760800, 2;
L_0x149762e10 .part v0x149760800_2, 0, 1;
v0x149760800_3 .array/port v0x149760800, 3;
L_0x149762ef0 .part v0x149760800_3, 0, 1;
L_0x149762fd0 .concat [ 6 10 0 0], v0x14975f8e0_0, L_0x1500780a0;
L_0x149763190 .part v0x14975e700_0, 0, 6;
L_0x149763580 .part L_0x1497630d0, 0, 8;
S_0x14972f6d0 .scope module, "alu" "alu" 4 14, 5 2 0, S_0x149730b30;
 .timescale -9 -11;
    .port_info 0 /INPUT 16 "a";
    .port_info 1 /INPUT 16 "b";
    .port_info 2 /INPUT 3 "op";
    .port_info 3 /OUTPUT 16 "rr";
    .port_info 4 /INPUT 1 "dstb";
    .port_info 5 /OUTPUT 1 "ze";
    .port_info 6 /OUTPUT 1 "ca";
    .port_info 7 /OUTPUT 1 "sg";
    .port_info 8 /INPUT 1 "clk";
    .port_info 9 /INPUT 1 "rst";
P_0x149716480 .param/l "ADD" 0 5 10, +C4<00000000000000000000000000000000>;
P_0x1497164c0 .param/l "ASL" 0 5 10, +C4<00000000000000000000000000000011>;
P_0x149716500 .param/l "NAD" 0 5 10, +C4<00000000000000000000000000000110>;
P_0x149716540 .param/l "RSL" 0 5 10, +C4<00000000000000000000000000000100>;
P_0x149716580 .param/l "RSR" 0 5 10, +C4<00000000000000000000000000000101>;
P_0x1497165c0 .param/l "SUB" 0 5 10, +C4<00000000000000000000000000000001>;
P_0x149716600 .param/l "THB" 0 5 10, +C4<00000000000000000000000000000010>;
P_0x149716640 .param/l "XOR" 0 5 10, +C4<00000000000000000000000000000111>;
v0x149713030_0 .net "a", 15 0, v0x14975be50_0;  alias, 1 drivers
v0x14975b320_0 .net "b", 15 0, v0x14975f390_0;  alias, 1 drivers
v0x14975b3c0_0 .var "ca", 0 0;
v0x14975b450_0 .net "clk", 0 0, v0x149762590_0;  alias, 1 drivers
v0x14975b4e0_0 .net "dstb", 0 0, v0x14975cd10_0;  alias, 1 drivers
v0x14975b580_0 .net "op", 2 0, v0x14975d1e0_0;  alias, 1 drivers
v0x14975b630_0 .var "r", 16 0;
v0x14975b6e0_0 .net "rr", 15 0, L_0x1497630d0;  alias, 1 drivers
v0x14975b790_0 .net "rst", 0 0, v0x149762620_0;  alias, 1 drivers
v0x14975b8a0_0 .var "sg", 0 0;
v0x14975b930_0 .var "ze", 0 0;
E_0x149716c60 .event posedge, v0x14975b790_0, v0x14975b450_0;
E_0x149717f10 .event anyedge, v0x14975b580_0, v0x149713030_0, v0x14975b320_0;
L_0x1497630d0 .part v0x14975b630_0, 0, 16;
S_0x14975bac0 .scope module, "asel" "sel" 4 12, 6 2 0, S_0x149730b30;
 .timescale -9 -11;
    .port_info 0 /INPUT 16 "a";
    .port_info 1 /INPUT 16 "b";
    .port_info 2 /INPUT 1 "s";
    .port_info 3 /OUTPUT 16 "o";
v0x14975bcf0_0 .net "a", 15 0, L_0x1497629d0;  alias, 1 drivers
v0x14975bda0_0 .net "b", 15 0, L_0x149762fd0;  1 drivers
v0x14975be50_0 .var "o", 15 0;
v0x14975bf20_0 .net "s", 0 0, v0x14975d2a0_0;  alias, 1 drivers
E_0x14975bc90 .event anyedge, v0x14975bf20_0, v0x14975bda0_0, v0x14975bcf0_0;
S_0x14975c010 .scope module, "dec" "dec" 4 17, 7 5 0, S_0x149730b30;
 .timescale -9 -11;
    .port_info 0 /INPUT 16 "o";
    .port_info 1 /OUTPUT 1 "h";
    .port_info 2 /OUTPUT 1 "we";
    .port_info 3 /OUTPUT 2 "wad";
    .port_info 4 /OUTPUT 3 "op";
    .port_info 5 /OUTPUT 2 "rb";
    .port_info 6 /OUTPUT 2 "ra";
    .port_info 7 /OUTPUT 2 "liop";
    .port_info 8 /OUTPUT 8 "iv";
    .port_info 9 /OUTPUT 1 "pcwe";
    .port_info 10 /OUTPUT 1 "dmwe";
    .port_info 11 /OUTPUT 1 "dms";
    .port_info 12 /OUTPUT 1 "pcs";
    .port_info 13 /OUTPUT 1 "dstb";
    .port_info 14 /INPUT 1 "ze";
    .port_info 15 /INPUT 1 "ca";
    .port_info 16 /INPUT 1 "sg";
P_0x14a012400 .param/l "ADD" 0 7 43, +C4<00000000000000000000000000000000>;
P_0x14a012440 .param/l "ASL" 0 7 43, +C4<00000000000000000000000000000011>;
P_0x14a012480 .param/l "CA" 0 7 42, +C4<00000000000000000000000000000010>;
P_0x14a0124c0 .param/l "IMM" 0 7 41, +C4<00000000000000000000000000000001>;
P_0x14a012500 .param/l "LIH" 0 7 41, +C4<00000000000000000000000000000011>;
P_0x14a012540 .param/l "LIL" 0 7 41, +C4<00000000000000000000000000000010>;
P_0x14a012580 .param/l "NAD" 0 7 43, +C4<00000000000000000000000000000110>;
P_0x14a0125c0 .param/l "RSL" 0 7 43, +C4<00000000000000000000000000000100>;
P_0x14a012600 .param/l "RSR" 0 7 43, +C4<00000000000000000000000000000101>;
P_0x14a012640 .param/l "SG" 0 7 42, +C4<00000000000000000000000000000011>;
P_0x14a012680 .param/l "SUB" 0 7 43, +C4<00000000000000000000000000000001>;
P_0x14a0126c0 .param/l "THB" 0 7 43, +C4<00000000000000000000000000000010>;
P_0x14a012700 .param/l "THU" 0 7 41, +C4<00000000000000000000000000000000>;
P_0x14a012740 .param/l "UC" 0 7 42, +C4<00000000000000000000000000000000>;
P_0x14a012780 .param/l "XOR" 0 7 43, +C4<00000000000000000000000000000111>;
P_0x14a0127c0 .param/l "ZE" 0 7 42, +C4<00000000000000000000000000000001>;
v0x14975cb30_0 .net "ca", 0 0, v0x14975b3c0_0;  alias, 1 drivers
v0x14975cbf0_0 .var "dms", 0 0;
v0x14975cc80_0 .var "dmwe", 0 0;
v0x14975cd10_0 .var "dstb", 0 0;
v0x14975cda0_0 .var "f1", 0 0;
v0x14975ce30_0 .var "f2", 0 0;
v0x14975ced0_0 .var "h", 0 0;
v0x14975cf70_0 .var "iv", 7 0;
v0x14975d020_0 .var "liop", 1 0;
v0x14975d130_0 .net "o", 15 0, v0x14975eb10_0;  alias, 1 drivers
v0x14975d1e0_0 .var "op", 2 0;
v0x14975d2a0_0 .var "pcs", 0 0;
v0x14975d330_0 .var "pcwe", 0 0;
v0x14975d3c0_0 .var "ra", 1 0;
v0x14975d450_0 .var "rb", 1 0;
v0x14975d4f0_0 .net "sg", 0 0, v0x14975b8a0_0;  alias, 1 drivers
v0x14975d5a0_0 .var "wad", 1 0;
v0x14975d740_0 .var "we", 0 0;
v0x14975d7e0_0 .net "ze", 0 0, v0x14975b930_0;  alias, 1 drivers
E_0x14975ca80 .event anyedge, v0x14975d130_0, v0x14975ce30_0;
E_0x14975cad0 .event anyedge, v0x14975d130_0, v0x14975b930_0, v0x14975b3c0_0, v0x14975b8a0_0;
S_0x14975d9a0 .scope module, "dmem" "dmem" 4 19, 8 2 0, S_0x149730b30;
 .timescale -9 -11;
    .port_info 0 /INPUT 8 "ad";
    .port_info 1 /INPUT 16 "wd";
    .port_info 2 /INPUT 1 "we";
    .port_info 3 /OUTPUT 16 "rd";
    .port_info 4 /INPUT 1 "clk";
L_0x1497634d0 .functor BUFZ 16, L_0x1497632d0, C4<0000000000000000>, C4<0000000000000000>, C4<0000000000000000>;
v0x14975c850_0 .net *"_ivl_0", 15 0, L_0x1497632d0;  1 drivers
v0x14975dca0_0 .net *"_ivl_2", 9 0, L_0x149763390;  1 drivers
L_0x1500780e8 .functor BUFT 1, C4<00>, C4<0>, C4<0>, C4<0>;
v0x14975dd50_0 .net *"_ivl_5", 1 0, L_0x1500780e8;  1 drivers
v0x14975de10_0 .net "ad", 7 0, L_0x149763580;  1 drivers
v0x14975dec0_0 .net "clk", 0 0, v0x149762590_0;  alias, 1 drivers
v0x14975df90 .array "dm", 0 255, 15 0;
v0x14975e020_0 .net "rd", 15 0, L_0x1497634d0;  alias, 1 drivers
v0x14975e0d0_0 .net "wd", 15 0, L_0x149762c40;  alias, 1 drivers
v0x14975e180_0 .net "we", 0 0, v0x14975cc80_0;  alias, 1 drivers
E_0x14975dc10 .event posedge, v0x14975b450_0;
L_0x1497632d0 .array/port v0x14975df90, L_0x149763390;
L_0x149763390 .concat [ 8 2 0 0], L_0x149763580, L_0x1500780e8;
S_0x14975e2e0 .scope module, "dsel" "sel" 4 20, 6 2 0, S_0x149730b30;
 .timescale -9 -11;
    .port_info 0 /INPUT 16 "a";
    .port_info 1 /INPUT 16 "b";
    .port_info 2 /INPUT 1 "s";
    .port_info 3 /OUTPUT 16 "o";
v0x14975e580_0 .net "a", 15 0, L_0x1497630d0;  alias, 1 drivers
v0x14975e650_0 .net "b", 15 0, L_0x1497634d0;  alias, 1 drivers
v0x14975e700_0 .var "o", 15 0;
v0x14975e7b0_0 .net "s", 0 0, v0x14975cbf0_0;  alias, 1 drivers
E_0x14975e540 .event anyedge, v0x14975cbf0_0, v0x14975e020_0, v0x14975b6e0_0;
S_0x14975e8b0 .scope module, "imem" "imem" 4 16, 9 2 0, S_0x149730b30;
 .timescale -9 -11;
    .port_info 0 /INPUT 6 "pc";
    .port_info 1 /OUTPUT 16 "o";
v0x14975eb10_0 .var "o", 15 0;
v0x14975ebc0_0 .net "pc", 5 0, v0x14975f8e0_0;  alias, 1 drivers
E_0x14975eab0 .event anyedge, v0x14975ebc0_0;
S_0x14975ec90 .scope module, "lidx" "lidx" 4 13, 10 2 0, S_0x149730b30;
 .timescale -9 -11;
    .port_info 0 /INPUT 16 "i";
    .port_info 1 /INPUT 8 "iv";
    .port_info 2 /INPUT 2 "op";
    .port_info 3 /OUTPUT 16 "o";
P_0x14975ee50 .param/l "IMM" 0 10 4, +C4<00000000000000000000000000000001>;
P_0x14975ee90 .param/l "LIH" 0 10 4, +C4<00000000000000000000000000000011>;
P_0x14975eed0 .param/l "LIL" 0 10 4, +C4<00000000000000000000000000000010>;
P_0x14975ef10 .param/l "THU" 0 10 4, +C4<00000000000000000000000000000000>;
v0x14975f230_0 .net "i", 15 0, L_0x149762c40;  alias, 1 drivers
v0x14975f300_0 .net "iv", 7 0, v0x14975cf70_0;  alias, 1 drivers
v0x14975f390_0 .var "o", 15 0;
v0x14975f420_0 .net "op", 1 0, v0x14975d020_0;  alias, 1 drivers
E_0x14975f1d0 .event anyedge, v0x14975d020_0, v0x14975e0d0_0, v0x14975cf70_0;
S_0x14975f4f0 .scope module, "pc" "pc" 4 15, 11 2 0, S_0x149730b30;
 .timescale -9 -11;
    .port_info 0 /INPUT 1 "halt";
    .port_info 1 /OUTPUT 6 "pc";
    .port_info 2 /INPUT 1 "we";
    .port_info 3 /INPUT 6 "rwd";
    .port_info 4 /INPUT 1 "clk";
    .port_info 5 /INPUT 1 "rst";
v0x14975f770_0 .net "clk", 0 0, v0x149762590_0;  alias, 1 drivers
v0x14975f850_0 .net "halt", 0 0, v0x14975ced0_0;  alias, 1 drivers
v0x14975f8e0_0 .var "pc", 5 0;
v0x14975f9b0_0 .net "rst", 0 0, v0x149762620_0;  alias, 1 drivers
v0x14975fa60_0 .net "rwd", 5 0, L_0x149763190;  1 drivers
v0x14975fb30_0 .net "we", 0 0, v0x14975d330_0;  alias, 1 drivers
S_0x14975fc10 .scope module, "rega" "rega" 4 11, 12 2 0, S_0x149730b30;
 .timescale -9 -11;
    .port_info 0 /INPUT 2 "arad";
    .port_info 1 /INPUT 2 "brad";
    .port_info 2 /OUTPUT 16 "a";
    .port_info 3 /OUTPUT 16 "b";
    .port_info 4 /INPUT 1 "we";
    .port_info 5 /INPUT 2 "wad";
    .port_info 6 /INPUT 16 "wd";
    .port_info 7 /INPUT 1 "clk";
    .port_info 8 /INPUT 1 "rst";
    .port_info 9 /OUTPUT 16 "result";
    .port_info 10 /OUTPUT 16 "counter";
L_0x1497629d0 .functor BUFZ 16, L_0x149762850, C4<0000000000000000>, C4<0000000000000000>, C4<0000000000000000>;
L_0x149762c40 .functor BUFZ 16, L_0x149762a80, C4<0000000000000000>, C4<0000000000000000>, C4<0000000000000000>;
v0x14975ffc0_0 .net *"_ivl_0", 15 0, L_0x149762850;  1 drivers
v0x149760050_0 .net *"_ivl_10", 3 0, L_0x149762b20;  1 drivers
L_0x150078058 .functor BUFT 1, C4<00>, C4<0>, C4<0>, C4<0>;
v0x1497600f0_0 .net *"_ivl_13", 1 0, L_0x150078058;  1 drivers
v0x149760180_0 .net *"_ivl_2", 3 0, L_0x1497628f0;  1 drivers
L_0x150078010 .functor BUFT 1, C4<00>, C4<0>, C4<0>, C4<0>;
v0x149760230_0 .net *"_ivl_5", 1 0, L_0x150078010;  1 drivers
v0x149760320_0 .net *"_ivl_8", 15 0, L_0x149762a80;  1 drivers
v0x1497603d0_0 .net "a", 15 0, L_0x1497629d0;  alias, 1 drivers
v0x149760470_0 .net "arad", 1 0, v0x14975d3c0_0;  alias, 1 drivers
v0x149760520_0 .net "b", 15 0, L_0x149762c40;  alias, 1 drivers
v0x149760630_0 .net "brad", 1 0, v0x14975d450_0;  alias, 1 drivers
v0x1497606d0_0 .net "clk", 0 0, v0x149762590_0;  alias, 1 drivers
v0x149760760_0 .net "counter", 15 0, v0x149760800_3;  1 drivers
v0x149760800 .array "regar", 0 3, 15 0;
v0x149760900_0 .net "result", 15 0, v0x149760800_2;  1 drivers
v0x1497609b0_0 .net "rst", 0 0, v0x149762620_0;  alias, 1 drivers
v0x149760a80_0 .net "wad", 1 0, v0x14975d5a0_0;  alias, 1 drivers
v0x149760b20_0 .net "wd", 15 0, v0x14975e700_0;  alias, 1 drivers
v0x149760cd0_0 .net "we", 0 0, v0x14975d740_0;  alias, 1 drivers
L_0x149762850 .array/port v0x149760800, L_0x1497628f0;
L_0x1497628f0 .concat [ 2 2 0 0], v0x14975d3c0_0, L_0x150078010;
L_0x149762a80 .array/port v0x149760800, L_0x149762b20;
L_0x149762b20 .concat [ 2 2 0 0], v0x14975d450_0, L_0x150078058;
    .scope S_0x14975fc10;
T_0 ;
    %wait E_0x149716c60;
    %load/vec4 v0x1497609b0_0;
    %flag_set/vec4 8;
    %jmp/0xz  T_0.0, 8;
    %pushi/vec4 0, 0, 16;
    %ix/load 3, 0, 0;
    %flag_set/imm 4, 0;
    %ix/load 4, 0, 0; Constant delay
    %assign/vec4/a/d v0x149760800, 0, 4;
    %pushi/vec4 0, 0, 16;
    %ix/load 3, 1, 0;
    %flag_set/imm 4, 0;
    %ix/load 4, 0, 0; Constant delay
    %assign/vec4/a/d v0x149760800, 0, 4;
    %pushi/vec4 0, 0, 16;
    %ix/load 3, 2, 0;
    %flag_set/imm 4, 0;
    %ix/load 4, 0, 0; Constant delay
    %assign/vec4/a/d v0x149760800, 0, 4;
    %pushi/vec4 0, 0, 16;
    %ix/load 3, 3, 0;
    %flag_set/imm 4, 0;
    %ix/load 4, 0, 0; Constant delay
    %assign/vec4/a/d v0x149760800, 0, 4;
    %jmp T_0.1;
T_0.0 ;
    %load/vec4 v0x149760cd0_0;
    %flag_set/vec4 8;
    %jmp/0xz  T_0.2, 8;
    %load/vec4 v0x149760b20_0;
    %load/vec4 v0x149760a80_0;
    %pad/u 4;
    %ix/vec4 3;
    %ix/load 4, 0, 0; Constant delay
    %assign/vec4/a/d v0x149760800, 0, 4;
T_0.2 ;
T_0.1 ;
    %jmp T_0;
    .thread T_0;
    .scope S_0x14975bac0;
T_1 ;
Ewait_0 .event/or E_0x14975bc90, E_0x0;
    %wait Ewait_0;
    %load/vec4 v0x14975bf20_0;
    %flag_set/vec4 8;
    %jmp/0xz  T_1.0, 8;
    %load/vec4 v0x14975bda0_0;
    %store/vec4 v0x14975be50_0, 0, 16;
    %jmp T_1.1;
T_1.0 ;
    %load/vec4 v0x14975bcf0_0;
    %store/vec4 v0x14975be50_0, 0, 16;
T_1.1 ;
    %jmp T_1;
    .thread T_1, $push;
    .scope S_0x14975ec90;
T_2 ;
    %wait E_0x14975f1d0;
    %load/vec4 v0x14975f420_0;
    %dup/vec4;
    %pushi/vec4 0, 0, 2;
    %cmp/u;
    %jmp/1 T_2.0, 6;
    %dup/vec4;
    %pushi/vec4 1, 0, 2;
    %cmp/u;
    %jmp/1 T_2.1, 6;
    %dup/vec4;
    %pushi/vec4 2, 0, 2;
    %cmp/u;
    %jmp/1 T_2.2, 6;
    %dup/vec4;
    %pushi/vec4 3, 0, 2;
    %cmp/u;
    %jmp/1 T_2.3, 6;
    %jmp T_2.4;
T_2.0 ;
    %load/vec4 v0x14975f230_0;
    %store/vec4 v0x14975f390_0, 0, 16;
    %jmp T_2.4;
T_2.1 ;
    %pushi/vec4 0, 0, 8;
    %load/vec4 v0x14975f300_0;
    %concat/vec4; draw_concat_vec4
    %store/vec4 v0x14975f390_0, 0, 16;
    %jmp T_2.4;
T_2.2 ;
    %load/vec4 v0x14975f230_0;
    %parti/s 8, 8, 5;
    %load/vec4 v0x14975f300_0;
    %concat/vec4; draw_concat_vec4
    %store/vec4 v0x14975f390_0, 0, 16;
    %jmp T_2.4;
T_2.3 ;
    %load/vec4 v0x14975f300_0;
    %load/vec4 v0x14975f230_0;
    %parti/s 8, 0, 2;
    %concat/vec4; draw_concat_vec4
    %store/vec4 v0x14975f390_0, 0, 16;
    %jmp T_2.4;
T_2.4 ;
    %pop/vec4 1;
    %jmp T_2;
    .thread T_2, $push;
    .scope S_0x14972f6d0;
T_3 ;
    %wait E_0x149717f10;
    %load/vec4 v0x14975b580_0;
    %dup/vec4;
    %pushi/vec4 0, 0, 3;
    %cmp/u;
    %jmp/1 T_3.0, 6;
    %dup/vec4;
    %pushi/vec4 1, 0, 3;
    %cmp/u;
    %jmp/1 T_3.1, 6;
    %dup/vec4;
    %pushi/vec4 2, 0, 3;
    %cmp/u;
    %jmp/1 T_3.2, 6;
    %dup/vec4;
    %pushi/vec4 3, 0, 3;
    %cmp/u;
    %jmp/1 T_3.3, 6;
    %dup/vec4;
    %pushi/vec4 4, 0, 3;
    %cmp/u;
    %jmp/1 T_3.4, 6;
    %dup/vec4;
    %pushi/vec4 5, 0, 3;
    %cmp/u;
    %jmp/1 T_3.5, 6;
    %dup/vec4;
    %pushi/vec4 6, 0, 3;
    %cmp/u;
    %jmp/1 T_3.6, 6;
    %dup/vec4;
    %pushi/vec4 7, 0, 3;
    %cmp/u;
    %jmp/1 T_3.7, 6;
    %jmp T_3.8;
T_3.0 ;
    %load/vec4 v0x149713030_0;
    %pad/u 17;
    %load/vec4 v0x14975b320_0;
    %pad/u 17;
    %add;
    %store/vec4 v0x14975b630_0, 0, 17;
    %jmp T_3.8;
T_3.1 ;
    %load/vec4 v0x149713030_0;
    %pad/u 17;
    %load/vec4 v0x14975b320_0;
    %pad/u 17;
    %sub;
    %store/vec4 v0x14975b630_0, 0, 17;
    %jmp T_3.8;
T_3.2 ;
    %load/vec4 v0x14975b320_0;
    %pad/u 17;
    %store/vec4 v0x14975b630_0, 0, 17;
    %jmp T_3.8;
T_3.3 ;
    %load/vec4 v0x149713030_0;
    %pad/u 17;
    %ix/getv 4, v0x14975b320_0;
    %shiftr 4;
    %store/vec4 v0x14975b630_0, 0, 17;
    %jmp T_3.8;
T_3.4 ;
    %load/vec4 v0x149713030_0;
    %pad/u 17;
    %ix/getv 4, v0x14975b320_0;
    %shiftr 4;
    %store/vec4 v0x14975b630_0, 0, 17;
    %jmp T_3.8;
T_3.5 ;
    %load/vec4 v0x149713030_0;
    %pad/u 17;
    %ix/getv 4, v0x14975b320_0;
    %shiftl 4;
    %store/vec4 v0x14975b630_0, 0, 17;
    %jmp T_3.8;
T_3.6 ;
    %load/vec4 v0x149713030_0;
    %pad/u 17;
    %load/vec4 v0x14975b320_0;
    %pad/u 17;
    %and;
    %inv;
    %store/vec4 v0x14975b630_0, 0, 17;
    %jmp T_3.8;
T_3.7 ;
    %load/vec4 v0x149713030_0;
    %pad/u 17;
    %load/vec4 v0x14975b320_0;
    %pad/u 17;
    %xor;
    %store/vec4 v0x14975b630_0, 0, 17;
    %jmp T_3.8;
T_3.8 ;
    %pop/vec4 1;
    %jmp T_3;
    .thread T_3, $push;
    .scope S_0x14972f6d0;
T_4 ;
    %wait E_0x149716c60;
    %load/vec4 v0x14975b790_0;
    %flag_set/vec4 8;
    %jmp/0xz  T_4.0, 8;
    %pushi/vec4 0, 0, 1;
    %assign/vec4 v0x14975b930_0, 0;
    %pushi/vec4 0, 0, 1;
    %assign/vec4 v0x14975b3c0_0, 0;
    %pushi/vec4 0, 0, 1;
    %assign/vec4 v0x14975b8a0_0, 0;
    %jmp T_4.1;
T_4.0 ;
    %load/vec4 v0x14975b4e0_0;
    %pad/u 32;
    %cmpi/e 0, 0, 32;
    %jmp/0xz  T_4.2, 4;
    %load/vec4 v0x14975b6e0_0;
    %pad/u 32;
    %cmpi/e 0, 0, 32;
    %jmp/0xz  T_4.4, 4;
    %pushi/vec4 1, 0, 1;
    %assign/vec4 v0x14975b930_0, 0;
    %jmp T_4.5;
T_4.4 ;
    %pushi/vec4 0, 0, 1;
    %assign/vec4 v0x14975b930_0, 0;
T_4.5 ;
    %pushi/vec4 0, 0, 1;
    %assign/vec4 v0x14975b3c0_0, 0;
    %load/vec4 v0x14975b630_0;
    %parti/s 1, 15, 5;
    %pad/u 32;
    %cmpi/e 1, 0, 32;
    %jmp/0xz  T_4.6, 4;
    %pushi/vec4 1, 0, 1;
    %assign/vec4 v0x14975b8a0_0, 0;
    %jmp T_4.7;
T_4.6 ;
    %pushi/vec4 0, 0, 1;
    %assign/vec4 v0x14975b8a0_0, 0;
T_4.7 ;
T_4.2 ;
T_4.1 ;
    %jmp T_4;
    .thread T_4;
    .scope S_0x14975f4f0;
T_5 ;
    %wait E_0x149716c60;
    %load/vec4 v0x14975f9b0_0;
    %flag_set/vec4 8;
    %jmp/0xz  T_5.0, 8;
    %pushi/vec4 0, 0, 6;
    %assign/vec4 v0x14975f8e0_0, 0;
    %jmp T_5.1;
T_5.0 ;
    %load/vec4 v0x14975f850_0;
    %nor/r;
    %flag_set/vec4 8;
    %jmp/0xz  T_5.2, 8;
    %load/vec4 v0x14975fb30_0;
    %pad/u 32;
    %cmpi/e 1, 0, 32;
    %jmp/0xz  T_5.4, 4;
    %load/vec4 v0x14975fa60_0;
    %assign/vec4 v0x14975f8e0_0, 0;
    %jmp T_5.5;
T_5.4 ;
    %load/vec4 v0x14975f8e0_0;
    %addi 1, 0, 6;
    %assign/vec4 v0x14975f8e0_0, 0;
T_5.5 ;
T_5.2 ;
T_5.1 ;
    %jmp T_5;
    .thread T_5;
    .scope S_0x14975e8b0;
T_6 ;
Ewait_1 .event/or E_0x14975eab0, E_0x0;
    %wait Ewait_1;
    %load/vec4 v0x14975ebc0_0;
    %dup/vec4;
    %pushi/vec4 0, 0, 6;
    %cmp/u;
    %jmp/1 T_6.0, 6;
    %dup/vec4;
    %pushi/vec4 1, 0, 6;
    %cmp/u;
    %jmp/1 T_6.1, 6;
    %dup/vec4;
    %pushi/vec4 2, 0, 6;
    %cmp/u;
    %jmp/1 T_6.2, 6;
    %dup/vec4;
    %pushi/vec4 3, 0, 6;
    %cmp/u;
    %jmp/1 T_6.3, 6;
    %dup/vec4;
    %pushi/vec4 4, 0, 6;
    %cmp/u;
    %jmp/1 T_6.4, 6;
    %dup/vec4;
    %pushi/vec4 5, 0, 6;
    %cmp/u;
    %jmp/1 T_6.5, 6;
    %dup/vec4;
    %pushi/vec4 6, 0, 6;
    %cmp/u;
    %jmp/1 T_6.6, 6;
    %dup/vec4;
    %pushi/vec4 7, 0, 6;
    %cmp/u;
    %jmp/1 T_6.7, 6;
    %dup/vec4;
    %pushi/vec4 8, 0, 6;
    %cmp/u;
    %jmp/1 T_6.8, 6;
    %dup/vec4;
    %pushi/vec4 9, 0, 6;
    %cmp/u;
    %jmp/1 T_6.9, 6;
    %dup/vec4;
    %pushi/vec4 10, 0, 6;
    %cmp/u;
    %jmp/1 T_6.10, 6;
    %dup/vec4;
    %pushi/vec4 11, 0, 6;
    %cmp/u;
    %jmp/1 T_6.11, 6;
    %dup/vec4;
    %pushi/vec4 12, 0, 6;
    %cmp/u;
    %jmp/1 T_6.12, 6;
    %jmp T_6.13;
T_6.0 ;
    %pushi/vec4 0, 0, 16;
    %store/vec4 v0x14975eb10_0, 0, 16;
    %jmp T_6.13;
T_6.1 ;
    %pushi/vec4 33281, 0, 16;
    %store/vec4 v0x14975eb10_0, 0, 16;
    %jmp T_6.13;
T_6.2 ;
    %pushi/vec4 33536, 0, 16;
    %store/vec4 v0x14975eb10_0, 0, 16;
    %jmp T_6.13;
T_6.3 ;
    %pushi/vec4 34305, 0, 16;
    %store/vec4 v0x14975eb10_0, 0, 16;
    %jmp T_6.13;
T_6.4 ;
    %pushi/vec4 34560, 0, 16;
    %store/vec4 v0x14975eb10_0, 0, 16;
    %jmp T_6.13;
T_6.5 ;
    %pushi/vec4 36368, 0, 16;
    %store/vec4 v0x14975eb10_0, 0, 16;
    %jmp T_6.13;
T_6.6 ;
    %pushi/vec4 36608, 0, 16;
    %store/vec4 v0x14975eb10_0, 0, 16;
    %jmp T_6.13;
T_6.7 ;
    %pushi/vec4 2561, 0, 16;
    %store/vec4 v0x14975eb10_0, 0, 16;
    %jmp T_6.13;
T_6.8 ;
    %pushi/vec4 2081, 0, 16;
    %store/vec4 v0x14975eb10_0, 0, 16;
    %jmp T_6.13;
T_6.9 ;
    %pushi/vec4 2338, 0, 16;
    %store/vec4 v0x14975eb10_0, 0, 16;
    %jmp T_6.13;
T_6.10 ;
    %pushi/vec4 16129, 0, 16;
    %store/vec4 v0x14975eb10_0, 0, 16;
    %jmp T_6.13;
T_6.11 ;
    %pushi/vec4 19964, 0, 16;
    %store/vec4 v0x14975eb10_0, 0, 16;
    %jmp T_6.13;
T_6.12 ;
    %pushi/vec4 1, 0, 16;
    %store/vec4 v0x14975eb10_0, 0, 16;
    %jmp T_6.13;
T_6.13 ;
    %pop/vec4 1;
    %jmp T_6;
    .thread T_6, $push;
    .scope S_0x14975c010;
T_7 ;
    %wait E_0x14975cad0;
    %pushi/vec4 0, 0, 1;
    %store/vec4 v0x14975cda0_0, 0, 1;
    %pushi/vec4 0, 0, 1;
    %store/vec4 v0x14975ce30_0, 0, 1;
    %load/vec4 v0x14975d130_0;
    %parti/s 2, 8, 5;
    %dup/vec4;
    %pushi/vec4 0, 0, 2;
    %cmp/u;
    %jmp/1 T_7.0, 6;
    %dup/vec4;
    %pushi/vec4 1, 0, 2;
    %cmp/u;
    %jmp/1 T_7.1, 6;
    %dup/vec4;
    %pushi/vec4 2, 0, 2;
    %cmp/u;
    %jmp/1 T_7.2, 6;
    %dup/vec4;
    %pushi/vec4 3, 0, 2;
    %cmp/u;
    %jmp/1 T_7.3, 6;
    %jmp T_7.4;
T_7.0 ;
    %pushi/vec4 1, 0, 1;
    %store/vec4 v0x14975cda0_0, 0, 1;
    %pushi/vec4 1, 0, 1;
    %store/vec4 v0x14975ce30_0, 0, 1;
    %jmp T_7.4;
T_7.1 ;
    %load/vec4 v0x14975d7e0_0;
    %inv;
    %load/vec4 v0x14975d130_0;
    %parti/s 1, 7, 4;
    %xor;
    %store/vec4 v0x14975cda0_0, 0, 1;
    %load/vec4 v0x14975d7e0_0;
    %inv;
    %load/vec4 v0x14975d130_0;
    %parti/s 1, 12, 5;
    %xor;
    %store/vec4 v0x14975ce30_0, 0, 1;
    %jmp T_7.4;
T_7.2 ;
    %load/vec4 v0x14975cb30_0;
    %inv;
    %load/vec4 v0x14975d130_0;
    %parti/s 1, 7, 4;
    %xor;
    %store/vec4 v0x14975cda0_0, 0, 1;
    %load/vec4 v0x14975cb30_0;
    %inv;
    %load/vec4 v0x14975d130_0;
    %parti/s 1, 12, 5;
    %xor;
    %store/vec4 v0x14975ce30_0, 0, 1;
    %jmp T_7.4;
T_7.3 ;
    %load/vec4 v0x14975d4f0_0;
    %inv;
    %load/vec4 v0x14975d130_0;
    %parti/s 1, 7, 4;
    %xor;
    %store/vec4 v0x14975cda0_0, 0, 1;
    %load/vec4 v0x14975d4f0_0;
    %inv;
    %load/vec4 v0x14975d130_0;
    %parti/s 1, 12, 5;
    %xor;
    %store/vec4 v0x14975ce30_0, 0, 1;
    %jmp T_7.4;
T_7.4 ;
    %pop/vec4 1;
    %jmp T_7;
    .thread T_7, $push;
    .scope S_0x14975c010;
T_8 ;
    %wait E_0x14975ca80;
    %pushi/vec4 0, 0, 1;
    %store/vec4 v0x14975ced0_0, 0, 1;
    %pushi/vec4 0, 0, 2;
    %store/vec4 v0x14975d3c0_0, 0, 2;
    %pushi/vec4 0, 0, 2;
    %store/vec4 v0x14975d450_0, 0, 2;
    %pushi/vec4 2, 0, 3;
    %store/vec4 v0x14975d1e0_0, 0, 3;
    %pushi/vec4 0, 0, 1;
    %store/vec4 v0x14975d740_0, 0, 1;
    %pushi/vec4 0, 0, 2;
    %store/vec4 v0x14975d5a0_0, 0, 2;
    %pushi/vec4 0, 0, 2;
    %store/vec4 v0x14975d020_0, 0, 2;
    %pushi/vec4 0, 0, 8;
    %store/vec4 v0x14975cf70_0, 0, 8;
    %pushi/vec4 0, 0, 1;
    %store/vec4 v0x14975cd10_0, 0, 1;
    %pushi/vec4 0, 0, 1;
    %store/vec4 v0x14975d330_0, 0, 1;
    %pushi/vec4 0, 0, 1;
    %store/vec4 v0x14975cc80_0, 0, 1;
    %pushi/vec4 0, 0, 1;
    %store/vec4 v0x14975cbf0_0, 0, 1;
    %pushi/vec4 0, 0, 1;
    %store/vec4 v0x14975d2a0_0, 0, 1;
    %load/vec4 v0x14975d130_0;
    %parti/s 3, 13, 5;
    %dup/vec4;
    %pushi/vec4 0, 0, 3;
    %cmp/u;
    %jmp/1 T_8.0, 6;
    %dup/vec4;
    %pushi/vec4 1, 0, 3;
    %cmp/u;
    %jmp/1 T_8.1, 6;
    %dup/vec4;
    %pushi/vec4 2, 0, 3;
    %cmp/u;
    %jmp/1 T_8.2, 6;
    %dup/vec4;
    %pushi/vec4 3, 0, 3;
    %cmp/u;
    %jmp/1 T_8.3, 6;
    %dup/vec4;
    %pushi/vec4 4, 0, 3;
    %cmp/u;
    %jmp/1 T_8.4, 6;
    %dup/vec4;
    %pushi/vec4 5, 0, 3;
    %cmp/u;
    %jmp/1 T_8.5, 6;
    %dup/vec4;
    %pushi/vec4 6, 0, 3;
    %cmp/u;
    %jmp/1 T_8.6, 6;
    %dup/vec4;
    %pushi/vec4 7, 0, 3;
    %cmp/u;
    %jmp/1 T_8.7, 6;
    %jmp T_8.8;
T_8.0 ;
    %load/vec4 v0x14975d130_0;
    %parti/s 3, 10, 5;
    %dup/vec4;
    %pushi/vec4 0, 0, 3;
    %cmp/u;
    %jmp/1 T_8.9, 6;
    %dup/vec4;
    %pushi/vec4 1, 0, 3;
    %cmp/u;
    %jmp/1 T_8.10, 6;
    %dup/vec4;
    %pushi/vec4 2, 0, 3;
    %cmp/u;
    %jmp/1 T_8.11, 6;
    %dup/vec4;
    %pushi/vec4 3, 0, 3;
    %cmp/u;
    %jmp/1 T_8.12, 6;
    %dup/vec4;
    %pushi/vec4 4, 0, 3;
    %cmp/u;
    %jmp/1 T_8.13, 6;
    %dup/vec4;
    %pushi/vec4 5, 0, 3;
    %cmp/u;
    %jmp/1 T_8.14, 6;
    %dup/vec4;
    %pushi/vec4 6, 0, 3;
    %cmp/u;
    %jmp/1 T_8.15, 6;
    %dup/vec4;
    %pushi/vec4 7, 0, 3;
    %cmp/u;
    %jmp/1 T_8.16, 6;
    %jmp T_8.17;
T_8.9 ;
    %load/vec4 v0x14975d130_0;
    %parti/s 1, 0, 2;
    %dup/vec4;
    %pushi/vec4 0, 0, 1;
    %cmp/u;
    %jmp/1 T_8.18, 6;
    %dup/vec4;
    %pushi/vec4 1, 0, 1;
    %cmp/u;
    %jmp/1 T_8.19, 6;
    %jmp T_8.20;
T_8.18 ;
    %pushi/vec4 1, 0, 1;
    %store/vec4 v0x14975cd10_0, 0, 1;
    %jmp T_8.20;
T_8.19 ;
    %pushi/vec4 1, 0, 1;
    %store/vec4 v0x14975ced0_0, 0, 1;
    %jmp T_8.20;
T_8.20 ;
    %pop/vec4 1;
    %jmp T_8.17;
T_8.10 ;
    %jmp T_8.17;
T_8.11 ;
    %load/vec4 v0x14975d130_0;
    %parti/s 3, 4, 4;
    %store/vec4 v0x14975d1e0_0, 0, 3;
    %load/vec4 v0x14975d130_0;
    %parti/s 2, 2, 3;
    %store/vec4 v0x14975d3c0_0, 0, 2;
    %load/vec4 v0x14975d130_0;
    %parti/s 2, 0, 2;
    %store/vec4 v0x14975d450_0, 0, 2;
    %load/vec4 v0x14975d130_0;
    %parti/s 2, 8, 5;
    %store/vec4 v0x14975d5a0_0, 0, 2;
    %pushi/vec4 1, 0, 1;
    %store/vec4 v0x14975d740_0, 0, 1;
    %jmp T_8.17;
T_8.12 ;
    %jmp T_8.17;
T_8.13 ;
    %jmp T_8.17;
T_8.14 ;
    %jmp T_8.17;
T_8.15 ;
    %jmp T_8.17;
T_8.16 ;
    %jmp T_8.17;
T_8.17 ;
    %pop/vec4 1;
    %jmp T_8.8;
T_8.1 ;
    %load/vec4 v0x14975d130_0;
    %parti/s 2, 10, 5;
    %store/vec4 v0x14975d5a0_0, 0, 2;
    %pushi/vec4 1, 0, 1;
    %store/vec4 v0x14975d740_0, 0, 1;
    %load/vec4 v0x14975d130_0;
    %parti/s 2, 8, 5;
    %store/vec4 v0x14975d3c0_0, 0, 2;
    %pushi/vec4 1, 0, 2;
    %store/vec4 v0x14975d020_0, 0, 2;
    %load/vec4 v0x14975d130_0;
    %parti/s 8, 0, 2;
    %store/vec4 v0x14975cf70_0, 0, 8;
    %pushi/vec4 1, 0, 3;
    %store/vec4 v0x14975d1e0_0, 0, 3;
    %jmp T_8.8;
T_8.2 ;
    %load/vec4 v0x14975d130_0;
    %parti/s 1, 11, 5;
    %dup/vec4;
    %pushi/vec4 0, 0, 1;
    %cmp/u;
    %jmp/1 T_8.21, 6;
    %dup/vec4;
    %pushi/vec4 1, 0, 1;
    %cmp/u;
    %jmp/1 T_8.22, 6;
    %jmp T_8.23;
T_8.21 ;
    %jmp T_8.23;
T_8.22 ;
    %load/vec4 v0x14975d130_0;
    %parti/s 1, 10, 5;
    %dup/vec4;
    %pushi/vec4 1, 0, 1;
    %cmp/u;
    %jmp/1 T_8.24, 6;
    %dup/vec4;
    %pushi/vec4 0, 0, 1;
    %cmp/u;
    %jmp/1 T_8.25, 6;
    %jmp T_8.26;
T_8.24 ;
    %load/vec4 v0x14975d130_0;
    %parti/s 8, 0, 2;
    %store/vec4 v0x14975cf70_0, 0, 8;
    %pushi/vec4 0, 0, 3;
    %store/vec4 v0x14975d1e0_0, 0, 3;
    %pushi/vec4 1, 0, 2;
    %store/vec4 v0x14975d020_0, 0, 2;
    %load/vec4 v0x14975ce30_0;
    %pad/u 32;
    %cmpi/e 1, 0, 32;
    %jmp/0xz  T_8.27, 4;
    %pushi/vec4 1, 0, 1;
    %store/vec4 v0x14975d2a0_0, 0, 1;
    %pushi/vec4 1, 0, 1;
    %store/vec4 v0x14975d330_0, 0, 1;
T_8.27 ;
    %jmp T_8.26;
T_8.25 ;
    %jmp T_8.26;
T_8.26 ;
    %pop/vec4 1;
    %jmp T_8.23;
T_8.23 ;
    %pop/vec4 1;
    %jmp T_8.8;
T_8.3 ;
    %jmp T_8.8;
T_8.4 ;
    %load/vec4 v0x14975d130_0;
    %parti/s 1, 12, 5;
    %dup/vec4;
    %pushi/vec4 0, 0, 1;
    %cmp/u;
    %jmp/1 T_8.29, 6;
    %dup/vec4;
    %pushi/vec4 1, 0, 1;
    %cmp/u;
    %jmp/1 T_8.30, 6;
    %jmp T_8.31;
T_8.29 ;
    %load/vec4 v0x14975d130_0;
    %parti/s 2, 8, 5;
    %dup/vec4;
    %pushi/vec4 0, 0, 2;
    %cmp/u;
    %jmp/1 T_8.32, 6;
    %dup/vec4;
    %pushi/vec4 1, 0, 2;
    %cmp/u;
    %jmp/1 T_8.33, 6;
    %dup/vec4;
    %pushi/vec4 2, 0, 2;
    %cmp/u;
    %jmp/1 T_8.34, 6;
    %dup/vec4;
    %pushi/vec4 3, 0, 2;
    %cmp/u;
    %jmp/1 T_8.35, 6;
    %jmp T_8.36;
T_8.32 ;
    %jmp T_8.36;
T_8.33 ;
    %jmp T_8.36;
T_8.34 ;
    %pushi/vec4 2, 0, 2;
    %store/vec4 v0x14975d020_0, 0, 2;
    %load/vec4 v0x14975d130_0;
    %parti/s 8, 0, 2;
    %store/vec4 v0x14975cf70_0, 0, 8;
    %pushi/vec4 1, 0, 1;
    %store/vec4 v0x14975d740_0, 0, 1;
    %load/vec4 v0x14975d130_0;
    %parti/s 2, 10, 5;
    %store/vec4 v0x14975d5a0_0, 0, 2;
    %load/vec4 v0x14975d130_0;
    %parti/s 2, 10, 5;
    %store/vec4 v0x14975d450_0, 0, 2;
    %jmp T_8.36;
T_8.35 ;
    %pushi/vec4 3, 0, 2;
    %store/vec4 v0x14975d020_0, 0, 2;
    %load/vec4 v0x14975d130_0;
    %parti/s 8, 0, 2;
    %store/vec4 v0x14975cf70_0, 0, 8;
    %pushi/vec4 1, 0, 1;
    %store/vec4 v0x14975d740_0, 0, 1;
    %load/vec4 v0x14975d130_0;
    %parti/s 2, 10, 5;
    %store/vec4 v0x14975d5a0_0, 0, 2;
    %load/vec4 v0x14975d130_0;
    %parti/s 2, 10, 5;
    %store/vec4 v0x14975d450_0, 0, 2;
    %jmp T_8.36;
T_8.36 ;
    %pop/vec4 1;
    %jmp T_8.31;
T_8.30 ;
    %jmp T_8.31;
T_8.31 ;
    %pop/vec4 1;
    %jmp T_8.8;
T_8.5 ;
    %load/vec4 v0x14975d130_0;
    %parti/s 1, 12, 5;
    %dup/vec4;
    %pushi/vec4 0, 0, 1;
    %cmp/u;
    %jmp/1 T_8.37, 6;
    %dup/vec4;
    %pushi/vec4 1, 0, 1;
    %cmp/u;
    %jmp/1 T_8.38, 6;
    %jmp T_8.39;
T_8.37 ;
    %jmp T_8.39;
T_8.38 ;
    %jmp T_8.39;
T_8.39 ;
    %pop/vec4 1;
    %jmp T_8.8;
T_8.6 ;
    %jmp T_8.8;
T_8.7 ;
    %load/vec4 v0x14975d130_0;
    %parti/s 1, 12, 5;
    %dup/vec4;
    %pushi/vec4 1, 0, 1;
    %cmp/u;
    %jmp/1 T_8.40, 6;
    %jmp T_8.41;
T_8.40 ;
    %jmp T_8.41;
T_8.41 ;
    %pop/vec4 1;
    %jmp T_8.8;
T_8.8 ;
    %pop/vec4 1;
    %jmp T_8;
    .thread T_8, $push;
    .scope S_0x14975d9a0;
T_9 ;
    %wait E_0x14975dc10;
    %load/vec4 v0x14975e180_0;
    %flag_set/vec4 8;
    %jmp/0xz  T_9.0, 8;
    %load/vec4 v0x14975e0d0_0;
    %load/vec4 v0x14975de10_0;
    %pad/u 10;
    %ix/vec4 3;
    %ix/load 4, 0, 0; Constant delay
    %assign/vec4/a/d v0x14975df90, 0, 4;
T_9.0 ;
    %jmp T_9;
    .thread T_9;
    .scope S_0x14975e2e0;
T_10 ;
Ewait_2 .event/or E_0x14975e540, E_0x0;
    %wait Ewait_2;
    %load/vec4 v0x14975e7b0_0;
    %flag_set/vec4 8;
    %jmp/0xz  T_10.0, 8;
    %load/vec4 v0x14975e650_0;
    %store/vec4 v0x14975e700_0, 0, 16;
    %jmp T_10.1;
T_10.0 ;
    %load/vec4 v0x14975e580_0;
    %store/vec4 v0x14975e700_0, 0, 16;
T_10.1 ;
    %jmp T_10;
    .thread T_10, $push;
    .scope S_0x1497309c0;
T_11 ;
    %delay 500, 0;
    %load/vec4 v0x149762590_0;
    %inv;
    %store/vec4 v0x149762590_0, 0, 1;
    %jmp T_11;
    .thread T_11;
    .scope S_0x1497309c0;
T_12 ;
    %vpi_call/w 3 9 "$dumpfile", "pu.vcd" {0 0 0};
    %vpi_call/w 3 10 "$dumpvars", 32'sb00000000000000000000000000000000, S_0x1497309c0 {0 0 0};
    %pushi/vec4 1, 0, 1;
    %store/vec4 v0x149762620_0, 0, 1;
    %pushi/vec4 0, 0, 1;
    %store/vec4 v0x149762590_0, 0, 1;
    %delay 2000, 0;
    %pushi/vec4 0, 0, 1;
    %store/vec4 v0x149762620_0, 0, 1;
    %delay 300000, 0;
    %vpi_call/w 3 16 "$finish" {0 0 0};
    %end;
    .thread T_12;
# The file index is used to find the file name in the following table.
:file_names 13;
    "N/A";
    "<interactive>";
    "-";
    "test.v";
    "pu.v";
    "alu.v";
    "sel.v";
    "dec.v";
    "dmem.v";
    "imem.v";
    "lidx.v";
    "pc.v";
    "rega.v";
